[gen] 10/235 evidence  (220s)
[gen] 20/235 evidence  (394s)
[gen] 30/235 evidence  (568s)
[gen] 40/235 evidence  (743s)
[gen] 50/235 evidence  (916s)
[gen] 60/235 evidence  (1089s)
[gen] 70/235 evidence  (1262s)
[gen] 80/235 evidence  (1438s)
[gen] 90/235 evidence  (1617s)
[gen] 100/235 evidence  (1792s)
[gen] 110/235 evidence  (1965s)
[gen] 120/235 evidence  (2140s)
[gen] 130/235 evidence  (2313s)
[gen] 140/235 evidence  (2487s)
[gen] 150/235 evidence  (2660s)
[gen] 160/235 evidence  (2833s)
[gen] 170/235 evidence  (3006s)
[gen] 180/235 evidence  (3180s)
[gen] 190/235 evidence  (3356s)
[gen] 200/235 evidence  (3532s)
[gen] 210/235 evidence  (3706s)
[gen] 220/235 evidence  (3878s)
[gen] 230/235 evidence  (4052s)
[gen] DONE 235 evidence (4139s)
[gate] 1645 candidates, resuming at 0
[gate] 25/1645 (59s)  sup=4/4  enti=2/4 quan=2/4 rela=3/4 temp=1/3 attr=2/3 scop=0/3
[gate] 50/1645 (115s)  sup=8/8  enti=3/7 quan=4/7 rela=5/7 temp=3/7 attr=5/7 scop=0/7
[gate] 75/1645 (171s)  sup=11/11  enti=5/11 quan=5/11 rela=8/11 temp=5/11 attr=6/10 scop=2/10
[gate] 100/1645 (227s)  sup=15/15  enti=5/15 quan=5/14 rela=10/14 temp=6/14 attr=6/14 scop=3/14
[gate] 125/1645 (283s)  sup=18/18  enti=8/18 quan=8/18 rela=12/18 temp=8/18 attr=7/18 scop=4/17
[gate] 150/1645 (339s)  sup=22/22  enti=9/22 quan=9/22 rela=14/21 temp=10/21 attr=8/21 scop=6/21
[gate] 175/1645 (395s)  sup=25/25  enti=10/25 quan=10/25 rela=16/25 temp=13/25 attr=8/25 scop=6/25
[gate] 200/1645 (451s)  sup=29/29  enti=10/29 quan=12/29 rela=18/29 temp=14/28 attr=8/28 scop=6/28
[gate] 225/1645 (507s)  sup=33/33  enti=12/32 quan=12/32 rela=21/32 temp=16/32 attr=11/32 scop=7/32
[gate] 250/1645 (563s)  sup=36/36  enti=14/36 quan=15/36 rela=24/36 temp=18/36 attr=12/35 scop=9/35
[gate] 275/1645 (619s)  sup=40/40  enti=15/40 quan=16/39 rela=25/39 temp=21/39 attr=13/39 scop=9/39
[gate] 300/1645 (676s)  sup=43/43  enti=16/43 quan=19/43 rela=25/43 temp=21/43 attr=14/43 scop=9/42
[gate] 325/1645 (731s)  sup=47/47  enti=19/47 quan=22/47 rela=27/46 temp=23/46 attr=16/46 scop=10/46
[gate] 350/1645 (786s)  sup=50/50  enti=19/50 quan=25/50 rela=30/50 temp=25/50 attr=16/50 scop=11/50
[gate] 375/1645 (841s)  sup=54/54  enti=20/54 quan=28/54 rela=32/54 temp=26/53 attr=17/53 scop=11/53
[gate] 400/1645 (896s)  sup=58/58  enti=21/57 quan=29/57 rela=33/57 temp=28/57 attr=18/57 scop=12/57
[gate] 425/1645 (951s)  sup=61/61  enti=22/61 quan=31/61 rela=34/61 temp=28/61 attr=19/60 scop=12/60
[gate] 450/1645 (1006s)  sup=65/65  enti=22/65 quan=32/64 rela=37/64 temp=29/64 attr=20/64 scop=13/64
[gate] 475/1645 (1061s)  sup=68/68  enti=24/68 quan=34/68 rela=39/68 temp=32/68 attr=22/68 scop=14/67
[gate] 500/1645 (1116s)  sup=72/72  enti=27/72 quan=37/72 rela=40/71 temp=33/71 attr=22/71 scop=15/71
[gate] 525/1645 (1173s)  sup=75/75  enti=27/75 quan=38/75 rela=43/75 temp=35/75 attr=24/75 scop=15/75
[gate] 550/1645 (1229s)  sup=79/79  enti=28/79 quan=38/79 rela=46/79 temp=38/78 attr=26/78 scop=16/78
[gate] 575/1645 (1285s)  sup=83/83  enti=28/82 quan=40/82 rela=46/82 temp=38/82 attr=27/82 scop=17/82
[gate] 600/1645 (1341s)  sup=86/86  enti=30/86 quan=42/86 rela=48/86 temp=38/86 attr=28/85 scop=19/85
[gate] 625/1645 (1398s)  sup=90/90  enti=33/90 quan=42/89 rela=50/89 temp=40/89 attr=30/89 scop=20/89
[gate] 650/1645 (1453s)  sup=93/93  enti=34/93 quan=44/93 rela=51/93 temp=42/93 attr=31/93 scop=21/92
[gate] 675/1645 (1509s)  sup=97/97  enti=36/97 quan=46/97 rela=51/96 temp=45/96 attr=32/96 scop=22/96
[gate] 700/1645 (1564s)  sup=100/100  enti=36/100 quan=46/100 rela=53/100 temp=46/100 attr=32/100 scop=22/100
[gate] 725/1645 (1620s)  sup=104/104  enti=36/104 quan=50/104 rela=56/104 temp=47/103 attr=33/103 scop=22/103
[gate] 750/1645 (1677s)  sup=108/108  enti=37/107 quan=52/107 rela=58/107 temp=50/107 attr=34/107 scop=24/107
[gate] 775/1645 (1732s)  sup=111/111  enti=39/111 quan=54/111 rela=59/111 temp=53/111 attr=35/110 scop=25/110
[gate] 800/1645 (1788s)  sup=115/115  enti=42/115 quan=55/114 rela=59/114 temp=56/114 attr=36/114 scop=26/114
[gate] 825/1645 (1845s)  sup=118/118  enti=43/118 quan=56/118 rela=60/118 temp=58/118 attr=38/118 scop=27/117
[gate] 850/1645 (1901s)  sup=122/122  enti=46/122 quan=58/122 rela=62/121 temp=60/121 attr=39/121 scop=28/121
[gate] 875/1645 (1956s)  sup=125/125  enti=47/125 quan=60/125 rela=65/125 temp=62/125 attr=40/125 scop=30/125
[gate] 900/1645 (2013s)  sup=129/129  enti=48/129 quan=62/129 rela=67/129 temp=64/128 attr=41/128 scop=32/128
[gate] 925/1645 (2069s)  sup=133/133  enti=49/132 quan=65/132 rela=68/132 temp=66/132 attr=43/132 scop=33/132
[gate] 950/1645 (2126s)  sup=136/136  enti=51/136 quan=67/136 rela=70/136 temp=68/136 attr=44/135 scop=33/135
[gate] 975/1645 (2182s)  sup=140/140  enti=52/140 quan=69/139 rela=71/139 temp=70/139 attr=44/139 scop=34/139
[gate] 1000/1645 (2238s)  sup=143/143  enti=53/143 quan=72/143 rela=73/143 temp=72/143 attr=46/143 scop=35/142
[gate] 1025/1645 (2294s)  sup=147/147  enti=55/147 quan=74/147 rela=75/146 temp=73/146 attr=47/146 scop=35/146
[gate] 1050/1645 (2350s)  sup=150/150  enti=57/150 quan=75/150 rela=77/150 temp=75/150 attr=49/150 scop=36/150
[gate] 1075/1645 (2406s)  sup=154/154  enti=58/154 quan=77/154 rela=79/154 temp=77/153 attr=49/153 scop=36/153
[gate] 1100/1645 (2463s)  sup=158/158  enti=59/157 quan=80/157 rela=80/157 temp=79/157 attr=49/157 scop=36/157
[gate] 1125/1645 (2519s)  sup=161/161  enti=59/161 quan=81/161 rela=82/161 temp=80/161 attr=50/160 scop=37/160
[gate] 1150/1645 (2575s)  sup=165/165  enti=60/165 quan=81/164 rela=85/164 temp=82/164 attr=52/164 scop=37/164
[gate] 1175/1645 (2630s)  sup=168/168  enti=61/168 quan=82/168 rela=86/168 temp=83/168 attr=53/168 scop=38/167
[gate] 1200/1645 (2685s)  sup=172/172  enti=63/172 quan=84/172 rela=88/171 temp=84/171 attr=54/171 scop=39/171
[gate] 1225/1645 (2740s)  sup=175/175  enti=64/175 quan=87/175 rela=89/175 temp=86/175 attr=54/175 scop=40/175
[gate] 1250/1645 (2795s)  sup=179/179  enti=64/179 quan=89/179 rela=92/179 temp=86/178 attr=55/178 scop=41/178
[gate] 1275/1645 (2851s)  sup=183/183  enti=64/182 quan=92/182 rela=93/182 temp=88/182 attr=55/182 scop=41/182
[gate] 1300/1645 (2907s)  sup=186/186  enti=65/186 quan=94/186 rela=96/186 temp=91/186 attr=56/185 scop=42/185
[gate] 1325/1645 (2963s)  sup=190/190  enti=65/190 quan=95/189 rela=98/189 temp=92/189 attr=56/189 scop=43/189
[gate] 1350/1645 (3019s)  sup=193/193  enti=65/193 quan=96/193 rela=100/193 temp=94/193 attr=57/193 scop=44/192
[gate] 1375/1645 (3075s)  sup=197/197  enti=66/197 quan=100/197 rela=102/196 temp=95/196 attr=58/196 scop=44/196
[gate] 1400/1645 (3131s)  sup=200/200  enti=67/200 quan=102/200 rela=104/200 temp=97/200 attr=59/200 scop=45/200
[gate] 1425/1645 (3187s)  sup=204/204  enti=68/204 quan=103/204 rela=106/204 temp=99/203 attr=60/203 scop=45/203
[gate] 1450/1645 (3244s)  sup=208/208  enti=69/207 quan=103/207 rela=107/207 temp=101/207 attr=61/207 scop=46/207
[gate] 1475/1645 (3300s)  sup=211/211  enti=70/211 quan=106/211 rela=110/211 temp=104/211 attr=62/210 scop=48/210
[gate] 1500/1645 (3356s)  sup=215/215  enti=70/215 quan=107/214 rela=111/214 temp=104/214 attr=63/214 scop=48/214
[gate] 1525/1645 (3411s)  sup=218/218  enti=70/218 quan=110/218 rela=115/218 temp=107/218 attr=64/218 scop=50/217
[gate] 1550/1645 (3467s)  sup=222/222  enti=72/222 quan=112/222 rela=117/221 temp=107/221 attr=65/221 scop=51/221
[gate] 1575/1645 (3523s)  sup=225/225  enti=73/225 quan=115/225 rela=119/225 temp=110/225 attr=65/225 scop=51/225
[gate] 1600/1645 (3580s)  sup=229/229  enti=75/229 quan=117/229 rela=120/229 temp=111/228 attr=66/228 scop=51/228
[gate] 1625/1645 (3636s)  sup=233/233  enti=77/232 quan=118/232 rela=120/232 temp=112/232 attr=67/232 scop=53/232
[gate] DONE  sup-confirm=235/235
  entity               unsup-confirm 79/235 = 0.34
  quantifier           unsup-confirm 119/235 = 0.51
  relation-direction   unsup-confirm 121/235 = 0.51
  temporal             unsup-confirm 115/235 = 0.49
  attribution          unsup-confirm 67/235 = 0.29
  scope                unsup-confirm 53/235 = 0.23
[assemble] 789 confirmed records (235 supported / 554 unsupported) in 235 evidence groups -> E:\AI\prism-verify\specialist\dataset\phase2_records.jsonl
